2017-11-20 10:19:49,111 - mypkg.ORMQueries - INFO - Nov_20_2017_17:19:27,q1,cleanspaxelprop5,22.002288,67186
2017-11-20 10:23:23,601 - mypkg.ORMQueries - INFO - Nov_20_2017_17:19:49,q2,cleanspaxelprop5,214.448921,709
2017-11-20 10:26:54,382 - mypkg.ORMQueries - INFO - Nov_20_2017_17:23:23,q3,cleanspaxelprop5,210.752626,3702781
2017-11-20 10:26:57,041 - mypkg.ORMQueries - INFO - Nov_20_2017_17:26:55,q4,cleanspaxelprop5,1.538116,66267
2017-11-20 10:27:08,936 - mypkg.ORMQueries - INFO - Nov_20_2017_17:26:57,q1,c5_ssd,11.871997,67186
2017-11-20 10:29:55,420 - mypkg.ORMQueries - INFO - Nov_20_2017_17:27:08,q2,c5_ssd,166.459541,709
2017-11-20 10:32:20,030 - mypkg.ORMQueries - INFO - Nov_20_2017_17:29:55,q3,c5_ssd,144.584379,3702781
2017-11-20 10:32:22,693 - mypkg.ORMQueries - INFO - Nov_20_2017_17:32:21,q4,c5_ssd,1.514551,66267
2017-11-20 10:32:40,381 - mypkg.ORMQueries - INFO - Nov_20_2017_17:32:22,q1,c5_cx,17.662016,67186
2017-11-20 10:36:34,147 - mypkg.ORMQueries - INFO - Nov_20_2017_17:32:40,q2,c5_cx,233.741147,709
2017-11-20 10:40:19,540 - mypkg.ORMQueries - INFO - Nov_20_2017_17:36:34,q3,c5_cx,225.367278,3702781
2017-11-20 10:40:22,178 - mypkg.ORMQueries - INFO - Nov_20_2017_17:40:20,q4,c5_cx,1.458086,66267
2017-11-20 10:40:35,116 - mypkg.ORMQueries - INFO - Nov_20_2017_17:40:22,q1,c5_cx_ssd,12.915549,67186
2017-11-20 10:43:19,412 - mypkg.ORMQueries - INFO - Nov_20_2017_17:40:35,q2,c5_cx_ssd,164.271112,709
2017-11-20 10:45:36,628 - mypkg.ORMQueries - INFO - Nov_20_2017_17:43:19,q3,c5_cx_ssd,137.19095,3702781
2017-11-20 10:45:38,641 - mypkg.ORMQueries - INFO - Nov_20_2017_17:45:37,q4,c5_cx_ssd,0.944095,66267
2017-11-20 10:45:55,529 - mypkg.ORMQueries - INFO - Nov_20_2017_17:45:38,q1,c5_cstore,16.867589,67186
2017-11-20 10:46:23,769 - mypkg.ORMQueries - INFO - Nov_20_2017_17:45:55,q2,c5_cstore,28.215684,709
2017-11-20 10:47:07,034 - mypkg.ORMQueries - INFO - Nov_20_2017_17:46:23,q3,c5_cstore,43.242611,3702781
2017-11-20 10:47:10,948 - mypkg.ORMQueries - INFO - Nov_20_2017_17:47:08,q4,c5_cstore,2.695125,66267
2017-11-20 10:47:16,314 - mypkg.ORMQueries - INFO - Nov_20_2017_17:47:10,q1,c5_cstore_ssd,5.339191,67186
2017-11-20 10:47:37,440 - mypkg.ORMQueries - INFO - Nov_20_2017_17:47:16,q2,c5_cstore_ssd,21.103413,709
2017-11-20 10:49:37,144 - mypkg.ORMQueries - INFO - Nov_20_2017_17:49:16,q1,cleanspaxelprop5,20.332695,67186
2017-11-20 10:49:38,234 - mypkg.ORMQueries - INFO - Nov_20_2017_17:49:16,q1,cleanspaxelprop5,1.0878,67186
2017-11-20 10:49:39,215 - mypkg.ORMQueries - INFO - Nov_20_2017_17:49:16,q1,cleanspaxelprop5,0.980368,67186
2017-11-20 10:49:40,302 - mypkg.ORMQueries - INFO - Nov_20_2017_17:49:16,q1,cleanspaxelprop5,1.085634,67186
2017-11-20 10:49:41,236 - mypkg.ORMQueries - INFO - Nov_20_2017_17:49:16,q1,cleanspaxelprop5,0.931959,67186
2017-11-20 10:53:12,514 - mypkg.ORMQueries - INFO - Nov_20_2017_17:53:11,q1,cleanspaxelprop5,1.020365,67186
2017-11-20 10:53:13,441 - mypkg.ORMQueries - INFO - Nov_20_2017_17:53:11,q1,cleanspaxelprop5,0.92502,67186
2017-11-20 10:53:14,369 - mypkg.ORMQueries - INFO - Nov_20_2017_17:53:11,q1,cleanspaxelprop5,0.926298,67186
2017-11-20 10:53:15,287 - mypkg.ORMQueries - INFO - Nov_20_2017_17:53:11,q1,cleanspaxelprop5,0.916612,67186
2017-11-20 10:53:16,195 - mypkg.ORMQueries - INFO - Nov_20_2017_17:53:11,q1,cleanspaxelprop5,0.907163,67186
2017-11-20 10:55:16,120 - mypkg.ORMQueries - INFO - Nov_20_2017_17:53:16,q2,cleanspaxelprop5,119.89698,709
2017-11-20 10:57:22,878 - mypkg.ORMQueries - INFO - Nov_20_2017_17:53:16,q2,cleanspaxelprop5,126.755519,709
2017-11-20 10:59:28,311 - mypkg.ORMQueries - INFO - Nov_20_2017_17:53:16,q2,cleanspaxelprop5,125.430696,709
2017-11-20 11:01:32,646 - mypkg.ORMQueries - INFO - Nov_20_2017_17:53:16,q2,cleanspaxelprop5,124.332082,709
2017-11-20 11:03:38,881 - mypkg.ORMQueries - INFO - Nov_20_2017_17:53:16,q2,cleanspaxelprop5,126.2328,709
2017-11-20 11:07:25,964 - mypkg.ORMQueries - INFO - Nov_20_2017_18:03:38,q3,cleanspaxelprop5,227.052609,3702781
2017-11-20 11:09:45,857 - mypkg.ORMQueries - INFO - Nov_20_2017_18:03:38,q3,cleanspaxelprop5,139.89005,3702781
2017-11-20 11:11:07,932 - mypkg.ORMQueries - INFO - Nov_20_2017_18:03:38,q3,cleanspaxelprop5,82.072259,3702781
2017-11-20 11:13:54,512 - mypkg.ORMQueries - INFO - Nov_20_2017_18:03:38,q3,cleanspaxelprop5,166.577649,3702781
2017-11-20 11:15:33,760 - mypkg.ORMQueries - INFO - Nov_20_2017_18:03:38,q3,cleanspaxelprop5,99.244784,3702781
2017-11-20 11:15:47,831 - mypkg.ORMQueries - INFO - Nov_20_2017_18:15:35,q4,cleanspaxelprop5,12.490461,66267
2017-11-20 11:15:48,694 - mypkg.ORMQueries - INFO - Nov_20_2017_18:15:35,q4,cleanspaxelprop5,0.861105,66267
2017-11-20 11:15:49,500 - mypkg.ORMQueries - INFO - Nov_20_2017_18:15:35,q4,cleanspaxelprop5,0.805108,66267
2017-11-20 11:15:50,292 - mypkg.ORMQueries - INFO - Nov_20_2017_18:15:35,q4,cleanspaxelprop5,0.791365,66267
2017-11-20 11:15:51,091 - mypkg.ORMQueries - INFO - Nov_20_2017_18:15:35,q4,cleanspaxelprop5,0.79692,66267
2017-11-20 11:16:04,450 - mypkg.ORMQueries - INFO - Nov_20_2017_18:15:51,q1,c5_ssd,13.334157,67186
2017-11-20 11:16:05,526 - mypkg.ORMQueries - INFO - Nov_20_2017_18:15:51,q1,c5_ssd,1.074451,67186
2017-11-20 11:16:06,533 - mypkg.ORMQueries - INFO - Nov_20_2017_18:15:51,q1,c5_ssd,1.005816,67186
2017-11-20 11:16:07,562 - mypkg.ORMQueries - INFO - Nov_20_2017_18:15:51,q1,c5_ssd,1.026858,67186
2017-11-20 11:16:08,300 - mypkg.ORMQueries - INFO - Nov_20_2017_18:15:51,q1,c5_ssd,0.737428,67186
2017-11-20 11:18:43,643 - mypkg.ORMQueries - INFO - Nov_20_2017_18:16:08,q2,c5_ssd,155.312057,709
2017-11-20 11:20:29,765 - mypkg.ORMQueries - INFO - Nov_20_2017_18:16:08,q2,c5_ssd,106.10171,709
2017-11-20 11:22:11,944 - mypkg.ORMQueries - INFO - Nov_20_2017_18:16:08,q2,c5_ssd,102.176195,709
2017-11-20 11:23:46,864 - mypkg.ORMQueries - INFO - Nov_20_2017_18:16:08,q2,c5_ssd,94.917988,709
2017-11-20 11:25:20,187 - mypkg.ORMQueries - INFO - Nov_20_2017_18:16:08,q2,c5_ssd,93.320559,709
2017-11-20 11:27:28,610 - mypkg.ORMQueries - INFO - Nov_20_2017_18:25:20,q3,c5_ssd,128.394427,3702781
2017-11-20 11:29:22,634 - mypkg.ORMQueries - INFO - Nov_20_2017_18:25:20,q3,c5_ssd,114.021096,3702781
2017-11-20 11:31:29,540 - mypkg.ORMQueries - INFO - Nov_20_2017_18:25:20,q3,c5_ssd,126.903889,3702781
2017-11-20 11:33:52,036 - mypkg.ORMQueries - INFO - Nov_20_2017_18:25:20,q3,c5_ssd,142.493428,3702781
2017-11-20 11:36:04,358 - mypkg.ORMQueries - INFO - Nov_20_2017_18:25:20,q3,c5_ssd,132.319291,3702781
2017-11-20 11:36:13,407 - mypkg.ORMQueries - INFO - Nov_20_2017_18:36:06,q4,c5_ssd,7.020002,66267
2017-11-20 11:36:14,269 - mypkg.ORMQueries - INFO - Nov_20_2017_18:36:06,q4,c5_ssd,0.859328,66267
2017-11-20 11:36:15,078 - mypkg.ORMQueries - INFO - Nov_20_2017_18:36:06,q4,c5_ssd,0.808038,66267
2017-11-20 11:36:15,882 - mypkg.ORMQueries - INFO - Nov_20_2017_18:36:06,q4,c5_ssd,0.802778,66267
2017-11-20 11:36:16,684 - mypkg.ORMQueries - INFO - Nov_20_2017_18:36:06,q4,c5_ssd,0.799814,66267
2017-11-20 11:36:34,396 - mypkg.ORMQueries - INFO - Nov_20_2017_18:36:16,q1,c5_cx,17.686906,67186
2017-11-20 11:36:35,983 - mypkg.ORMQueries - INFO - Nov_20_2017_18:36:16,q1,c5_cx,1.586057,67186
2017-11-20 11:36:37,047 - mypkg.ORMQueries - INFO - Nov_20_2017_18:36:16,q1,c5_cx,1.061993,67186
2017-11-20 11:36:38,058 - mypkg.ORMQueries - INFO - Nov_20_2017_18:36:16,q1,c5_cx,1.009161,67186
2017-11-20 11:36:39,144 - mypkg.ORMQueries - INFO - Nov_20_2017_18:36:16,q1,c5_cx,1.084366,67186
2017-11-20 11:40:22,820 - mypkg.ORMQueries - INFO - Nov_20_2017_18:36:39,q2,c5_cx,223.647829,709
2017-11-20 11:42:12,927 - mypkg.ORMQueries - INFO - Nov_20_2017_18:36:39,q2,c5_cx,110.104889,709
2017-11-20 11:44:12,401 - mypkg.ORMQueries - INFO - Nov_20_2017_18:36:39,q2,c5_cx,119.471574,709
2017-11-20 11:46:17,422 - mypkg.ORMQueries - INFO - Nov_20_2017_18:36:39,q2,c5_cx,125.018771,709
2017-11-20 11:48:14,540 - mypkg.ORMQueries - INFO - Nov_20_2017_18:36:39,q2,c5_cx,117.115382,709
2017-11-20 11:51:20,557 - mypkg.ORMQueries - INFO - Nov_20_2017_18:48:14,q3,c5_cx,185.998497,3702781
2017-11-20 11:52:53,821 - mypkg.ORMQueries - INFO - Nov_20_2017_18:48:14,q3,c5_cx,93.261802,3702781
2017-11-20 11:54:01,375 - mypkg.ORMQueries - INFO - Nov_20_2017_18:48:14,q3,c5_cx,67.551057,3702781
2017-11-20 11:56:02,103 - mypkg.ORMQueries - INFO - Nov_20_2017_18:48:14,q3,c5_cx,120.725366,3702781
2017-11-20 11:57:15,352 - mypkg.ORMQueries - INFO - Nov_20_2017_18:48:14,q3,c5_cx,73.246181,3702781
2017-11-20 11:57:25,866 - mypkg.ORMQueries - INFO - Nov_20_2017_18:57:17,q4,c5_cx,8.772491,66267
2017-11-20 11:57:26,715 - mypkg.ORMQueries - INFO - Nov_20_2017_18:57:17,q4,c5_cx,0.847738,66267
2017-11-20 11:57:27,499 - mypkg.ORMQueries - INFO - Nov_20_2017_18:57:17,q4,c5_cx,0.782305,66267
2017-11-20 11:57:28,294 - mypkg.ORMQueries - INFO - Nov_20_2017_18:57:17,q4,c5_cx,0.79285,66267
2017-11-20 11:57:29,089 - mypkg.ORMQueries - INFO - Nov_20_2017_18:57:17,q4,c5_cx,0.793265,66267
2017-11-20 11:57:41,614 - mypkg.ORMQueries - INFO - Nov_20_2017_18:57:29,q1,c5_cx_ssd,12.499449,67186
2017-11-20 11:57:42,405 - mypkg.ORMQueries - INFO - Nov_20_2017_18:57:29,q1,c5_cx_ssd,0.788693,67186
2017-11-20 11:57:43,120 - mypkg.ORMQueries - INFO - Nov_20_2017_18:57:29,q1,c5_cx_ssd,0.713939,67186
2017-11-20 11:57:43,844 - mypkg.ORMQueries - INFO - Nov_20_2017_18:57:29,q1,c5_cx_ssd,0.722279,67186
2017-11-20 11:57:44,579 - mypkg.ORMQueries - INFO - Nov_20_2017_18:57:29,q1,c5_cx_ssd,0.733575,67186
2017-11-20 12:00:09,282 - mypkg.ORMQueries - INFO - Nov_20_2017_18:57:44,q2,c5_cx_ssd,144.674623,709
2017-11-20 12:01:47,823 - mypkg.ORMQueries - INFO - Nov_20_2017_18:57:44,q2,c5_cx_ssd,98.53835,709
2017-11-20 12:03:17,259 - mypkg.ORMQueries - INFO - Nov_20_2017_18:57:44,q2,c5_cx_ssd,89.434142,709
2017-11-20 12:04:39,889 - mypkg.ORMQueries - INFO - Nov_20_2017_18:57:44,q2,c5_cx_ssd,82.627559,709
2017-11-20 12:05:58,158 - mypkg.ORMQueries - INFO - Nov_20_2017_18:57:44,q2,c5_cx_ssd,78.266803,709
2017-11-20 12:08:00,281 - mypkg.ORMQueries - INFO - Nov_20_2017_19:05:58,q3,c5_cx_ssd,122.094866,3702781
2017-11-20 12:10:03,594 - mypkg.ORMQueries - INFO - Nov_20_2017_19:05:58,q3,c5_cx_ssd,123.311147,3702781
2017-11-20 12:12:02,177 - mypkg.ORMQueries - INFO - Nov_20_2017_19:05:58,q3,c5_cx_ssd,118.580259,3702781
2017-11-20 12:14:18,333 - mypkg.ORMQueries - INFO - Nov_20_2017_19:05:58,q3,c5_cx_ssd,136.152877,3702781
2017-11-20 12:16:34,259 - mypkg.ORMQueries - INFO - Nov_20_2017_19:05:58,q3,c5_cx_ssd,135.921504,3702781
2017-11-20 12:16:43,743 - mypkg.ORMQueries - INFO - Nov_20_2017_19:16:36,q4,c5_cx_ssd,7.693264,66267
2017-11-20 12:16:44,610 - mypkg.ORMQueries - INFO - Nov_20_2017_19:16:36,q4,c5_cx_ssd,0.865283,66267
2017-11-20 12:16:45,928 - mypkg.ORMQueries - INFO - Nov_20_2017_19:16:36,q4,c5_cx_ssd,1.316694,66267
2017-11-20 12:16:46,986 - mypkg.ORMQueries - INFO - Nov_20_2017_19:16:36,q4,c5_cx_ssd,1.056408,66267
2017-11-20 12:16:48,033 - mypkg.ORMQueries - INFO - Nov_20_2017_19:16:36,q4,c5_cx_ssd,1.045297,66267
2017-11-20 12:16:57,930 - mypkg.ORMQueries - INFO - Nov_20_2017_19:16:48,q1,c5_cstore,9.871892,67186
2017-11-20 12:17:00,516 - mypkg.ORMQueries - INFO - Nov_20_2017_19:16:48,q1,c5_cstore,2.584426,67186
2017-11-20 12:17:03,072 - mypkg.ORMQueries - INFO - Nov_20_2017_19:16:48,q1,c5_cstore,2.554059,67186
2017-11-20 12:17:05,879 - mypkg.ORMQueries - INFO - Nov_20_2017_19:16:48,q1,c5_cstore,2.805078,67186
2017-11-20 12:17:08,205 - mypkg.ORMQueries - INFO - Nov_20_2017_19:16:48,q1,c5_cstore,2.324143,67186
2017-11-20 12:17:34,246 - mypkg.ORMQueries - INFO - Nov_20_2017_19:17:08,q2,c5_cstore,26.008695,709
2017-11-20 12:17:54,957 - mypkg.ORMQueries - INFO - Nov_20_2017_19:17:08,q2,c5_cstore,20.709202,709
2017-11-20 12:18:15,793 - mypkg.ORMQueries - INFO - Nov_20_2017_19:17:08,q2,c5_cstore,20.833158,709
2017-11-20 12:18:36,626 - mypkg.ORMQueries - INFO - Nov_20_2017_19:17:08,q2,c5_cstore,20.831573,709
2017-11-20 12:18:57,478 - mypkg.ORMQueries - INFO - Nov_20_2017_19:17:08,q2,c5_cstore,20.85026,709
2017-11-20 12:19:42,493 - mypkg.ORMQueries - INFO - Nov_20_2017_19:18:57,q3,c5_cstore,44.987673,3702781
2017-11-20 12:20:21,439 - mypkg.ORMQueries - INFO - Nov_20_2017_19:18:57,q3,c5_cstore,38.94287,3702781
2017-11-20 12:20:57,632 - mypkg.ORMQueries - INFO - Nov_20_2017_19:18:57,q3,c5_cstore,36.190993,3702781
2017-11-20 12:21:34,849 - mypkg.ORMQueries - INFO - Nov_20_2017_19:18:57,q3,c5_cstore,37.21469,3702781
2017-11-20 12:22:13,488 - mypkg.ORMQueries - INFO - Nov_20_2017_19:18:57,q3,c5_cstore,38.636567,3702781
2017-11-20 12:22:17,638 - mypkg.ORMQueries - INFO - Nov_20_2017_19:22:15,q4,c5_cstore,2.435482,66267
2017-11-20 12:22:20,032 - mypkg.ORMQueries - INFO - Nov_20_2017_19:22:15,q4,c5_cstore,2.392576,66267
2017-11-20 12:22:22,440 - mypkg.ORMQueries - INFO - Nov_20_2017_19:22:15,q4,c5_cstore,2.406503,66267
2017-11-20 12:22:24,833 - mypkg.ORMQueries - INFO - Nov_20_2017_19:22:15,q4,c5_cstore,2.391283,66267
2017-11-20 12:22:27,224 - mypkg.ORMQueries - INFO - Nov_20_2017_19:22:15,q4,c5_cstore,2.389355,66267
2017-11-20 12:22:30,571 - mypkg.ORMQueries - INFO - Nov_20_2017_19:22:27,q1,c5_cstore_ssd,3.322818,67186
2017-11-20 12:22:32,918 - mypkg.ORMQueries - INFO - Nov_20_2017_19:22:27,q1,c5_cstore_ssd,2.345887,67186
2017-11-20 12:22:35,336 - mypkg.ORMQueries - INFO - Nov_20_2017_19:22:27,q1,c5_cstore_ssd,2.416504,67186
2017-11-20 12:22:37,857 - mypkg.ORMQueries - INFO - Nov_20_2017_19:22:27,q1,c5_cstore_ssd,2.518867,67186
2017-11-20 12:22:40,237 - mypkg.ORMQueries - INFO - Nov_20_2017_19:22:27,q1,c5_cstore_ssd,2.379116,67186
2017-11-20 12:22:56,768 - mypkg.ORMQueries - INFO - Nov_20_2017_19:22:40,q2,c5_cstore_ssd,16.504316,709
2017-11-20 12:23:11,624 - mypkg.ORMQueries - INFO - Nov_20_2017_19:22:40,q2,c5_cstore_ssd,14.854075,709
2017-11-20 12:23:26,566 - mypkg.ORMQueries - INFO - Nov_20_2017_19:22:40,q2,c5_cstore_ssd,14.940198,709
2017-11-20 12:23:41,548 - mypkg.ORMQueries - INFO - Nov_20_2017_19:22:40,q2,c5_cstore_ssd,14.980259,709
2017-11-20 12:23:56,265 - mypkg.ORMQueries - INFO - Nov_20_2017_19:22:40,q2,c5_cstore_ssd,14.714704,709
2017-11-20 12:24:34,764 - mypkg.ORMQueries - INFO - Nov_20_2017_19:23:56,q3,c5_cstore_ssd,38.471984,3702781
2017-11-20 12:25:13,522 - mypkg.ORMQueries - INFO - Nov_20_2017_19:23:56,q3,c5_cstore_ssd,38.755065,3702781
2017-11-20 12:25:54,764 - mypkg.ORMQueries - INFO - Nov_20_2017_19:23:56,q3,c5_cstore_ssd,41.239594,3702781
2017-11-20 12:26:33,915 - mypkg.ORMQueries - INFO - Nov_20_2017_19:23:56,q3,c5_cstore_ssd,39.149489,3702781
2017-11-20 12:27:10,126 - mypkg.ORMQueries - INFO - Nov_20_2017_19:23:56,q3,c5_cstore_ssd,36.208277,3702781
2017-11-20 12:27:14,333 - mypkg.ORMQueries - INFO - Nov_20_2017_19:27:11,q4,c5_cstore_ssd,2.572896,66267
2017-11-20 12:27:16,988 - mypkg.ORMQueries - INFO - Nov_20_2017_19:27:11,q4,c5_cstore_ssd,2.653706,66267
2017-11-20 12:27:19,525 - mypkg.ORMQueries - INFO - Nov_20_2017_19:27:11,q4,c5_cstore_ssd,2.535537,66267
2017-11-20 12:27:22,027 - mypkg.ORMQueries - INFO - Nov_20_2017_19:27:11,q4,c5_cstore_ssd,2.499798,66267
2017-11-20 12:27:25,157 - mypkg.ORMQueries - INFO - Nov_20_2017_19:27:11,q4,c5_cstore_ssd,3.128774,66267
2017-11-20 12:27:40,686 - mypkg.ORMQueries - INFO - Nov_20_2017_19:27:25,q1,flattabletest,15.50917,67186
2017-11-20 12:27:41,593 - mypkg.ORMQueries - INFO - Nov_20_2017_19:27:25,q1,flattabletest,0.905717,67186
2017-11-20 12:27:42,635 - mypkg.ORMQueries - INFO - Nov_20_2017_19:27:25,q1,flattabletest,1.041071,67186
2017-11-20 12:27:43,282 - mypkg.ORMQueries - INFO - Nov_20_2017_19:27:25,q1,flattabletest,0.644821,67186
2017-11-20 12:27:44,450 - mypkg.ORMQueries - INFO - Nov_20_2017_19:27:25,q1,flattabletest,1.166629,67186
2017-11-20 12:32:45,856 - mypkg.ORMQueries - INFO - Nov_20_2017_19:27:44,q2,flattabletest,301.379549,709
2017-11-20 12:36:43,608 - mypkg.ORMQueries - INFO - Nov_20_2017_19:27:44,q2,flattabletest,237.749709,709
2017-11-20 12:40:53,526 - mypkg.ORMQueries - INFO - Nov_20_2017_19:27:44,q2,flattabletest,249.915504,709
2017-11-20 12:44:59,713 - mypkg.ORMQueries - INFO - Nov_20_2017_19:27:44,q2,flattabletest,246.185017,709
2017-11-20 12:49:20,005 - mypkg.ORMQueries - INFO - Nov_20_2017_19:27:44,q2,flattabletest,260.289041,709
2017-11-20 12:51:35,448 - mypkg.ORMQueries - INFO - Nov_20_2017_19:49:20,q3,flattabletest,135.438717,3692039
2017-11-20 12:53:54,541 - mypkg.ORMQueries - INFO - Nov_20_2017_19:49:20,q3,flattabletest,139.068814,3692039
2017-11-20 12:56:15,283 - mypkg.ORMQueries - INFO - Nov_20_2017_19:49:20,q3,flattabletest,140.739593,3692039
2017-11-20 12:58:37,441 - mypkg.ORMQueries - INFO - Nov_20_2017_19:49:20,q3,flattabletest,142.154714,3692039
2017-11-20 13:00:56,653 - mypkg.ORMQueries - INFO - Nov_20_2017_19:49:20,q3,flattabletest,139.208923,3692039
2017-11-20 13:01:00,060 - mypkg.ORMQueries - INFO - Nov_20_2017_20:00:59,q4,flattabletest,0.832662,66267
2017-11-20 13:01:00,805 - mypkg.ORMQueries - INFO - Nov_20_2017_20:00:59,q4,flattabletest,0.742842,66267
2017-11-20 13:01:01,539 - mypkg.ORMQueries - INFO - Nov_20_2017_20:00:59,q4,flattabletest,0.732802,66267
2017-11-20 13:01:02,345 - mypkg.ORMQueries - INFO - Nov_20_2017_20:00:59,q4,flattabletest,0.804766,66267
2017-11-20 13:01:03,100 - mypkg.ORMQueries - INFO - Nov_20_2017_20:00:59,q4,flattabletest,0.753291,66267
2017-11-20 13:01:16,033 - mypkg.ORMQueries - INFO - Nov_20_2017_20:01:03,q1,flat_ssd,12.910824,67186
2017-11-20 13:01:16,751 - mypkg.ORMQueries - INFO - Nov_20_2017_20:01:03,q1,flat_ssd,0.716967,67186
2017-11-20 13:01:17,418 - mypkg.ORMQueries - INFO - Nov_20_2017_20:01:03,q1,flat_ssd,0.66503,67186
2017-11-20 13:01:18,102 - mypkg.ORMQueries - INFO - Nov_20_2017_20:01:03,q1,flat_ssd,0.682555,67186
2017-11-20 13:01:18,798 - mypkg.ORMQueries - INFO - Nov_20_2017_20:01:03,q1,flat_ssd,0.69481,67186
2017-11-20 13:04:44,601 - mypkg.ORMQueries - INFO - Nov_20_2017_20:01:18,q2,flat_ssd,205.77275,709
2017-11-20 13:07:08,481 - mypkg.ORMQueries - INFO - Nov_20_2017_20:01:18,q2,flat_ssd,143.877512,709
2017-11-20 13:09:25,507 - mypkg.ORMQueries - INFO - Nov_20_2017_20:01:18,q2,flat_ssd,137.022417,709
2017-11-20 13:11:36,010 - mypkg.ORMQueries - INFO - Nov_20_2017_20:01:18,q2,flat_ssd,130.500916,709
2017-11-20 13:13:51,756 - mypkg.ORMQueries - INFO - Nov_20_2017_20:01:18,q2,flat_ssd,135.74327,709
2017-11-20 13:15:24,663 - mypkg.ORMQueries - INFO - Nov_20_2017_20:13:51,q3,flat_ssd,92.902994,3692039
2017-11-20 13:17:11,534 - mypkg.ORMQueries - INFO - Nov_20_2017_20:13:51,q3,flat_ssd,106.867479,3692039
2017-11-20 13:18:53,848 - mypkg.ORMQueries - INFO - Nov_20_2017_20:13:51,q3,flat_ssd,102.311861,3692039
2017-11-20 13:20:35,950 - mypkg.ORMQueries - INFO - Nov_20_2017_20:13:51,q3,flat_ssd,102.099117,3692039
2017-11-20 13:22:10,620 - mypkg.ORMQueries - INFO - Nov_20_2017_20:13:51,q3,flat_ssd,94.667491,3692039
2017-11-20 13:22:19,479 - mypkg.ORMQueries - INFO - Nov_20_2017_20:22:12,q4,flat_ssd,6.841421,66267
2017-11-20 13:22:20,284 - mypkg.ORMQueries - INFO - Nov_20_2017_20:22:12,q4,flat_ssd,0.803317,66267
2017-11-20 13:22:21,035 - mypkg.ORMQueries - INFO - Nov_20_2017_20:22:12,q4,flat_ssd,0.749768,66267
2017-11-20 13:22:21,774 - mypkg.ORMQueries - INFO - Nov_20_2017_20:22:12,q4,flat_ssd,0.737649,66267
2017-11-20 13:22:22,522 - mypkg.ORMQueries - INFO - Nov_20_2017_20:22:12,q4,flat_ssd,0.746523,66267
2017-11-20 13:22:34,724 - mypkg.ORMQueries - INFO - Nov_20_2017_20:22:22,q1,flat_cstore,12.18331,67186
2017-11-20 13:22:37,474 - mypkg.ORMQueries - INFO - Nov_20_2017_20:22:22,q1,flat_cstore,2.747798,67186
2017-11-20 13:22:40,209 - mypkg.ORMQueries - INFO - Nov_20_2017_20:22:22,q1,flat_cstore,2.733586,67186
2017-11-20 13:22:42,943 - mypkg.ORMQueries - INFO - Nov_20_2017_20:22:22,q1,flat_cstore,2.732424,67186
2017-11-20 13:22:46,303 - mypkg.ORMQueries - INFO - Nov_20_2017_20:22:22,q1,flat_cstore,3.358045,67186
2017-11-20 13:23:23,444 - mypkg.ORMQueries - INFO - Nov_20_2017_20:22:46,q2,flat_cstore,37.114569,709
2017-11-20 13:23:48,608 - mypkg.ORMQueries - INFO - Nov_20_2017_20:22:46,q2,flat_cstore,25.162756,709
2017-11-20 13:24:13,766 - mypkg.ORMQueries - INFO - Nov_20_2017_20:22:46,q2,flat_cstore,25.155992,709
2017-11-20 13:24:39,234 - mypkg.ORMQueries - INFO - Nov_20_2017_20:22:46,q2,flat_cstore,25.465765,709
2017-11-20 13:25:04,657 - mypkg.ORMQueries - INFO - Nov_20_2017_20:22:46,q2,flat_cstore,25.420868,709
2017-11-20 13:25:51,648 - mypkg.ORMQueries - INFO - Nov_20_2017_20:25:04,q3,flat_cstore,46.986301,3692039
2017-11-20 13:26:35,567 - mypkg.ORMQueries - INFO - Nov_20_2017_20:25:04,q3,flat_cstore,43.917486,3692039
2017-11-20 13:27:18,171 - mypkg.ORMQueries - INFO - Nov_20_2017_20:25:04,q3,flat_cstore,42.60093,3692039
2017-11-20 13:27:59,437 - mypkg.ORMQueries - INFO - Nov_20_2017_20:25:04,q3,flat_cstore,41.263924,3692039
2017-11-20 13:28:42,037 - mypkg.ORMQueries - INFO - Nov_20_2017_20:25:04,q3,flat_cstore,42.598622,3692039
2017-11-20 13:28:47,007 - mypkg.ORMQueries - INFO - Nov_20_2017_20:28:44,q4,flat_cstore,2.97529,66267
2017-11-20 13:28:50,023 - mypkg.ORMQueries - INFO - Nov_20_2017_20:28:44,q4,flat_cstore,3.014217,66267
2017-11-20 13:28:52,963 - mypkg.ORMQueries - INFO - Nov_20_2017_20:28:44,q4,flat_cstore,2.937849,66267
2017-11-20 13:28:55,900 - mypkg.ORMQueries - INFO - Nov_20_2017_20:28:44,q4,flat_cstore,2.936275,66267
2017-11-20 13:28:58,817 - mypkg.ORMQueries - INFO - Nov_20_2017_20:28:44,q4,flat_cstore,2.91462,66267
2017-11-20 13:29:04,417 - mypkg.ORMQueries - INFO - Nov_20_2017_20:28:58,q1,flat_cstore_ssd,5.582538,67186
2017-11-20 13:29:07,462 - mypkg.ORMQueries - INFO - Nov_20_2017_20:28:58,q1,flat_cstore_ssd,3.043116,67186
2017-11-20 13:29:10,361 - mypkg.ORMQueries - INFO - Nov_20_2017_20:28:58,q1,flat_cstore_ssd,2.897285,67186
2017-11-20 13:29:13,266 - mypkg.ORMQueries - INFO - Nov_20_2017_20:28:58,q1,flat_cstore_ssd,2.904055,67186
2017-11-20 13:29:16,099 - mypkg.ORMQueries - INFO - Nov_20_2017_20:28:58,q1,flat_cstore_ssd,2.830866,67186
2017-11-20 13:29:44,246 - mypkg.ORMQueries - INFO - Nov_20_2017_20:29:16,q2,flat_cstore_ssd,28.126705,709
2017-11-20 13:30:09,598 - mypkg.ORMQueries - INFO - Nov_20_2017_20:29:16,q2,flat_cstore_ssd,25.349278,709
2017-11-20 13:30:35,144 - mypkg.ORMQueries - INFO - Nov_20_2017_20:29:16,q2,flat_cstore_ssd,25.544433,709
2017-11-20 13:31:00,543 - mypkg.ORMQueries - INFO - Nov_20_2017_20:29:16,q2,flat_cstore_ssd,25.395969,709
2017-11-20 13:31:25,555 - mypkg.ORMQueries - INFO - Nov_20_2017_20:29:16,q2,flat_cstore_ssd,25.010304,709
2017-11-20 13:32:05,720 - mypkg.ORMQueries - INFO - Nov_20_2017_20:31:25,q3,flat_cstore_ssd,40.159356,3692039
2017-11-20 13:32:49,897 - mypkg.ORMQueries - INFO - Nov_20_2017_20:31:25,q3,flat_cstore_ssd,44.173869,3692039
2017-11-20 13:33:33,429 - mypkg.ORMQueries - INFO - Nov_20_2017_20:31:25,q3,flat_cstore_ssd,43.529836,3692039
2017-11-20 13:34:13,486 - mypkg.ORMQueries - INFO - Nov_20_2017_20:31:25,q3,flat_cstore_ssd,40.054458,3692039
2017-11-20 13:34:57,703 - mypkg.ORMQueries - INFO - Nov_20_2017_20:31:25,q3,flat_cstore_ssd,44.214375,3692039
2017-11-20 13:35:02,732 - mypkg.ORMQueries - INFO - Nov_20_2017_20:34:59,q4,flat_cstore_ssd,2.986134,66267
2017-11-20 13:35:05,705 - mypkg.ORMQueries - INFO - Nov_20_2017_20:34:59,q4,flat_cstore_ssd,2.971061,66267
2017-11-20 13:35:08,721 - mypkg.ORMQueries - INFO - Nov_20_2017_20:34:59,q4,flat_cstore_ssd,3.013975,66267
2017-11-20 13:35:11,699 - mypkg.ORMQueries - INFO - Nov_20_2017_20:34:59,q4,flat_cstore_ssd,2.977091,66267
2017-11-20 13:35:14,683 - mypkg.ORMQueries - INFO - Nov_20_2017_20:34:59,q4,flat_cstore_ssd,2.981939,66267
2017-11-22 11:59:54,398 - mypkg.ORMQueries - INFO - Nov_22_2017_18:59:44,q1,cleanspaxelprop5,1,10.210814,67186
2017-11-22 11:59:54,918 - mypkg.ORMQueries - INFO - Nov_22_2017_18:59:44,q1,cleanspaxelprop5,2,0.42571,67186
2017-11-22 12:00:06,528 - mypkg.ORMQueries - INFO - Nov_22_2017_18:59:44,q1,c5_ssd,1,11.55421,67186
2017-11-22 12:00:06,981 - mypkg.ORMQueries - INFO - Nov_22_2017_18:59:44,q1,c5_ssd,2,0.399463,67186
2017-11-22 12:00:17,009 - mypkg.ORMQueries - INFO - Nov_22_2017_18:59:44,q1,c5_cx,1,9.937385,67186
2017-11-22 12:00:17,536 - mypkg.ORMQueries - INFO - Nov_22_2017_18:59:44,q1,c5_cx,2,0.440716,67186
2017-11-22 12:00:29,182 - mypkg.ORMQueries - INFO - Nov_22_2017_18:59:44,q1,c5_cx_ssd,1,11.540927,67186
2017-11-22 12:00:29,720 - mypkg.ORMQueries - INFO - Nov_22_2017_18:59:44,q1,c5_cx_ssd,2,0.443145,67186
2017-11-22 12:00:36,902 - mypkg.ORMQueries - INFO - Nov_22_2017_18:59:44,q1,c5_cstore,1,7.094577,67186
2017-11-22 12:00:39,045 - mypkg.ORMQueries - INFO - Nov_22_2017_18:59:44,q1,c5_cstore,2,2.050713,67186
2017-11-22 12:00:42,103 - mypkg.ORMQueries - INFO - Nov_22_2017_18:59:44,q1,c5_cstore_ssd,1,2.96839,67186
2017-11-22 12:00:44,197 - mypkg.ORMQueries - INFO - Nov_22_2017_18:59:44,q1,c5_cstore_ssd,2,2.001305,67186
2017-11-22 12:02:50,534 - mypkg.ORMQueries - INFO - Nov_22_2017_18:59:44,q2,cleanspaxelprop5,1,126.334707,709
2017-11-22 12:04:10,563 - mypkg.ORMQueries - INFO - Nov_22_2017_18:59:44,q2,cleanspaxelprop5,2,80.027603,709
2017-11-22 12:06:39,471 - mypkg.ORMQueries - INFO - Nov_22_2017_18:59:44,q2,c5_ssd,1,148.904411,709
2017-11-22 12:08:18,093 - mypkg.ORMQueries - INFO - Nov_22_2017_18:59:44,q2,c5_ssd,2,98.620729,709
2017-11-22 12:10:32,461 - mypkg.ORMQueries - INFO - Nov_22_2017_18:59:44,q2,c5_cx,1,134.365508,709
2017-11-22 12:11:56,386 - mypkg.ORMQueries - INFO - Nov_22_2017_18:59:44,q2,c5_cx,2,83.923665,709
2017-11-22 12:14:27,862 - mypkg.ORMQueries - INFO - Nov_22_2017_18:59:44,q2,c5_cx_ssd,1,151.473021,709
2017-11-22 12:16:11,728 - mypkg.ORMQueries - INFO - Nov_22_2017_18:59:44,q2,c5_cx_ssd,2,103.864686,709
2017-11-22 12:16:38,178 - mypkg.ORMQueries - INFO - Nov_22_2017_18:59:44,q2,c5_cstore,1,26.447055,709
2017-11-22 12:16:58,855 - mypkg.ORMQueries - INFO - Nov_22_2017_18:59:44,q2,c5_cstore,2,20.676032,709
2017-11-22 12:17:15,789 - mypkg.ORMQueries - INFO - Nov_22_2017_18:59:44,q2,c5_cstore_ssd,1,16.93194,709
2017-11-22 12:17:30,518 - mypkg.ORMQueries - INFO - Nov_22_2017_18:59:44,q2,c5_cstore_ssd,2,14.72814,709
2017-11-22 12:20:47,443 - mypkg.ORMQueries - INFO - Nov_22_2017_18:59:44,q3,cleanspaxelprop5,1,191.937568,3702781
2017-11-22 12:23:13,975 - mypkg.ORMQueries - INFO - Nov_22_2017_18:59:44,q3,cleanspaxelprop5,2,141.972444,3702781
2017-11-22 12:25:41,015 - mypkg.ORMQueries - INFO - Nov_22_2017_18:59:44,q3,c5_ssd,1,142.480937,3702781
2017-11-22 12:27:48,797 - mypkg.ORMQueries - INFO - Nov_22_2017_18:59:44,q3,c5_ssd,2,122.797854,3702781
2017-11-22 12:31:25,606 - mypkg.ORMQueries - INFO - Nov_22_2017_18:59:44,q3,c5_cx,1,211.705006,3702781
2017-11-22 12:33:15,741 - mypkg.ORMQueries - INFO - Nov_22_2017_18:59:44,q3,c5_cx,2,105.404819,3702781
2017-11-22 12:35:41,373 - mypkg.ORMQueries - INFO - Nov_22_2017_18:59:44,q3,c5_cx_ssd,1,140.474778,3702781
2017-11-22 12:37:51,248 - mypkg.ORMQueries - INFO - Nov_22_2017_18:59:44,q3,c5_cx_ssd,2,124.352087,3702781
2017-11-22 12:38:23,393 - mypkg.ORMQueries - INFO - Nov_22_2017_18:59:44,q3,c5_cstore,1,27.022988,3702781
2017-11-22 12:38:47,943 - mypkg.ORMQueries - INFO - Nov_22_2017_18:59:44,q3,c5_cstore,2,19.723344,3702781
2017-11-22 12:39:15,512 - mypkg.ORMQueries - INFO - Nov_22_2017_18:59:44,q3,c5_cstore_ssd,1,22.441315,3702781
2017-11-22 12:39:40,256 - mypkg.ORMQueries - INFO - Nov_22_2017_18:59:44,q3,c5_cstore_ssd,2,19.932281,3702781
2017-11-22 12:39:50,786 - mypkg.ORMQueries - INFO - Nov_22_2017_18:59:44,q4,cleanspaxelprop5,1,10.419297,66267
2017-11-22 12:39:51,443 - mypkg.ORMQueries - INFO - Nov_22_2017_18:59:44,q4,cleanspaxelprop5,2,0.540215,66267
2017-11-22 12:40:02,376 - mypkg.ORMQueries - INFO - Nov_22_2017_18:59:44,q4,c5_ssd,1,10.819071,66267
2017-11-22 12:40:03,048 - mypkg.ORMQueries - INFO - Nov_22_2017_18:59:44,q4,c5_ssd,2,0.556092,66267
2017-11-22 12:40:11,307 - mypkg.ORMQueries - INFO - Nov_22_2017_18:59:44,q4,c5_cx,1,8.139158,66267
2017-11-22 12:40:11,961 - mypkg.ORMQueries - INFO - Nov_22_2017_18:59:44,q4,c5_cx,2,0.542678,66267
2017-11-22 12:40:18,746 - mypkg.ORMQueries - INFO - Nov_22_2017_18:59:44,q4,c5_cx_ssd,1,6.676976,66267
2017-11-22 12:40:19,414 - mypkg.ORMQueries - INFO - Nov_22_2017_18:59:44,q4,c5_cx_ssd,2,0.55222,66267
2017-11-22 12:40:23,356 - mypkg.ORMQueries - INFO - Nov_22_2017_18:59:44,q4,c5_cstore,1,3.830738,66267
2017-11-22 12:40:25,578 - mypkg.ORMQueries - INFO - Nov_22_2017_18:59:44,q4,c5_cstore,2,2.112075,66267
2017-11-22 12:40:28,338 - mypkg.ORMQueries - INFO - Nov_22_2017_18:59:44,q4,c5_cstore_ssd,1,2.644932,66267
2017-11-22 12:40:30,557 - mypkg.ORMQueries - INFO - Nov_22_2017_18:59:44,q4,c5_cstore_ssd,2,2.108415,66267
