1508172996.39	q1	cleanspaxelprop5	1	13192.1069622	67186
1508172996.39	q1	cleanspaxelprop5	2	439.228057861	67186
1508172996.39	q1	cleanspaxelprop5	3	383.006095886	67186
1508172996.39	q1	cleanspaxelprop5	4	384.944915771	67186
1508172996.39	q1	cleanspaxelprop5	5	382.647037506	67186
1508172996.39	q1	c5_cx	1	10128.0710697	67186
1508172996.39	q1	c5_cx	2	430.453062057	67186
1508172996.39	q1	c5_cx	3	377.731084824	67186
1508172996.39	q1	c5_cx	4	379.105091095	67186
1508172996.39	q1	c5_cx	5	380.02204895	67186
1508172996.39	q1	c5_ssd	1	8600.7630825	67186
1508172996.39	q1	c5_ssd	2	441.720962524	67186
1508172996.39	q1	c5_ssd	3	392.661094666	67186
1508172996.39	q1	c5_ssd	4	391.149044037	67186
1508172996.39	q1	c5_ssd	5	391.530990601	67186
1508172996.39	q1	c5_cx_ssd	1	8043.18404198	67186
1508172996.39	q1	c5_cx_ssd	2	444.172143936	67186
1508172996.39	q1	c5_cx_ssd	3	392.424821854	67186
1508172996.39	q1	c5_cx_ssd	4	391.391992569	67186
1508172996.39	q1	c5_cx_ssd	5	394.664049149	67186
1508172996.39	q1	c5_cstore	1	6011.98196411	67186
1508172996.39	q1	c5_cstore	2	1930.02986908	67186
1508172996.39	q1	c5_cstore	3	1937.07203865	67186
1508172996.39	q1	c5_cstore	4	1929.37994003	67186
1508172996.39	q1	c5_cstore	5	1932.46507645	67186
1508172996.39	q1	c5_cstore_ssd	1	3179.01992798	67186
1508172996.39	q1	c5_cstore_ssd	2	1989.70103264	67186
1508172996.39	q1	c5_cstore_ssd	3	2059.00883675	67186
1508172996.39	q1	c5_cstore_ssd	4	1990.29803276	67186
1508172996.39	q1	c5_cstore_ssd	5	1988.08789253	67186
1508172996.39	q2	cleanspaxelprop5	1	121492.172956	709
1508172996.39	q2	cleanspaxelprop5	2	77689.1400814	709
1508172996.39	q2	cleanspaxelprop5	3	86245.0568676	709
1508172996.39	q2	cleanspaxelprop5	4	80335.4690075	709
1508172996.39	q2	cleanspaxelprop5	5	77271.7969418	709
1508172996.39	q2	c5_cx	1	165331.397057	709
1508172996.39	q2	c5_cx	2	128345.978975	709
1508172996.39	q2	c5_cx	3	83779.2990208	709
1508172996.39	q2	c5_cx	4	89656.6431522	709
1508172996.39	q2	c5_cx	5	87800.4150391	709
1508172996.39	q2	c5_ssd	1	105671.164989	709
1508172996.39	q2	c5_ssd	2	80543.5349941	709
1508172996.39	q2	c5_ssd	3	71723.8988876	709
1508172996.39	q2	c5_ssd	4	71388.6599541	709
1508172996.39	q2	c5_ssd	5	68162.2490883	709
1508172996.39	q2	c5_cx_ssd	1	98220.1609612	709
1508172996.39	q2	c5_cx_ssd	2	77056.4601421	709
1508172996.39	q2	c5_cx_ssd	3	66427.3691177	709
1508172996.39	q2	c5_cx_ssd	4	62846.9591141	709
1508172996.39	q2	c5_cx_ssd	5	62046.4320183	709
1508172996.39	q2	c5_cstore	1	26793.3449745	709
1508172996.39	q2	c5_cstore	2	20469.2800045	709
1508172996.39	q2	c5_cstore	3	20930.0751686	709
1508172996.39	q2	c5_cstore	4	20700.8621693	709
1508172996.39	q2	c5_cstore	5	20803.7099838	709
1508172996.39	q2	c5_cstore_ssd	1	16833.4860802	709
1508172996.39	q2	c5_cstore_ssd	2	15050.9848595	709
1508172996.39	q2	c5_cstore_ssd	3	14720.2880383	709
1508172996.39	q2	c5_cstore_ssd	4	14570.2850819	709
1508172996.39	q2	c5_cstore_ssd	5	14838.7708664	709
1508172996.39	q3	cleanspaxelprop5	1	213119.807959	3702781
1508172996.39	q3	cleanspaxelprop5	2	98997.0698357	3702781
1508172996.39	q3	cleanspaxelprop5	3	47348.2010365	3702781
1508172996.39	q3	cleanspaxelprop5	4	45839.384079	3702781
1508172996.39	q3	cleanspaxelprop5	5	46912.7938747	3702781
1508172996.39	q3	c5_cx	1	217833.340883	3702781
1508172996.39	q3	c5_cx	2	192770.419836	3702781
1508172996.39	q3	c5_cx	3	129775.989056	3702781
1508172996.39	q3	c5_cx	4	48028.8579464	3702781
1508172996.39	q3	c5_cx	5	49250.4351139	3702781
1508172996.39	q3	c5_ssd	1	120083.503962	3702781
1508172996.39	q3	c5_ssd	2	101827.056885	3702781
1508172996.39	q3	c5_ssd	3	98303.7469387	3702781
1508172996.39	q3	c5_ssd	4	99358.1171036	3702781
1508172996.39	q3	c5_ssd	5	93000.50807	3702781
1508172996.39	q3	c5_cx_ssd	1	103802.822113	3702781
1508172996.39	q3	c5_cx_ssd	2	80223.0398655	3702781
1508172996.39	q3	c5_cx_ssd	3	82307.6097965	3702781
1508172996.39	q3	c5_cx_ssd	4	74041.1009789	3702781
1508172996.39	q3	c5_cx_ssd	5	70784.2588425	3702781
1508172996.39	q3	c5_cstore	1	26513.862133	3702781
1508172996.39	q3	c5_cstore	2	18901.237011	3702781
1508172996.39	q3	c5_cstore	3	19332.545042	3702781
1508172996.39	q3	c5_cstore	4	19027.7240276	3702781
1508172996.39	q3	c5_cstore	5	19338.3882046	3702781
1508172996.39	q3	c5_cstore_ssd	1	23071.5391636	3702781
1508172996.39	q3	c5_cstore_ssd	2	20460.091114	3702781
1508172996.39	q3	c5_cstore_ssd	3	20218.3868885	3702781
1508172996.39	q3	c5_cstore_ssd	4	20344.7880745	3702781
1508172996.39	q3	c5_cstore_ssd	5	19714.5421505	3702781
1508172996.39	q4	cleanspaxelprop5	1	12393.1629658	66267
1508172996.39	q4	cleanspaxelprop5	2	556.704998016	66267
1508172996.39	q4	cleanspaxelprop5	3	496.021032333	66267
1508172996.39	q4	cleanspaxelprop5	4	495.733976364	66267
1508172996.39	q4	cleanspaxelprop5	5	495.027065277	66267
1508172996.39	q4	c5_cx	1	8824.44906235	66267
1508172996.39	q4	c5_cx	2	545.21894455	66267
1508172996.39	q4	c5_cx	3	492.937088013	66267
1508172996.39	q4	c5_cx	4	492.192983627	66267
1508172996.39	q4	c5_cx	5	492.510080338	66267
1508172996.39	q4	c5_ssd	1	10239.7010326	66267
1508172996.39	q4	c5_ssd	2	559.793949127	66267
1508172996.39	q4	c5_ssd	3	503.389120102	66267
1508172996.39	q4	c5_ssd	4	502.27022171	66267
1508172996.39	q4	c5_ssd	5	502.85410881	66267
1508172996.39	q4	c5_cx_ssd	1	5840.24596214	66267
1508172996.39	q4	c5_cx_ssd	2	568.946123123	66267
1508172996.39	q4	c5_cx_ssd	3	515.730857849	66267
1508172996.39	q4	c5_cx_ssd	4	515.377044678	66267
1508172996.39	q4	c5_cx_ssd	5	517.575025558	66267
1508172996.39	q4	c5_cstore	1	3951.42602921	66267
1508172996.39	q4	c5_cstore	2	2107.39302635	66267
1508172996.39	q4	c5_cstore	3	2076.44701004	66267
1508172996.39	q4	c5_cstore	4	2072.76511192	66267
1508172996.39	q4	c5_cstore	5	2083.05120468	66267
1508172996.39	q4	c5_cstore_ssd	1	2924.79515076	66267
1508172996.39	q4	c5_cstore_ssd	2	2139.0080452	66267
1508172996.39	q4	c5_cstore_ssd	3	2305.18007278	66267
1508172996.39	q4	c5_cstore_ssd	4	2195.97887993	66267
1508172996.39	q4	c5_cstore_ssd	5	2208.66203308	66267
